#
# A fatal error has been detected by the Java Runtime Environment:
#
#  EXCEPTION_IN_PAGE_ERROR (0xc0000006) at pc=0x000000006062bfc3, pid=5836, tid=0x00000000000014ec
#
# JRE version: OpenJDK Runtime Environment (8.0_202-b03) (build 1.8.0_202-release-1483-b03)
# Java VM: OpenJDK 64-Bit Server VM (25.202-b03 mixed mode windows-amd64 compressed oops)
# Problematic frame:
# C  [msvcr100.dll+0x3bfc3]
#
# Failed to write core dump. Minidumps are not enabled by default on client versions of Windows
#
# If you would like to submit a bug report, please visit:
#   http://bugreport.java.com/bugreport/crash.jsp
#

---------------  T H R E A D  ---------------

Current thread (0x00000000022ac000):  GCTaskThread [stack: 0x0000000011c10000,0x0000000011d10000] [id=5356]

siginfo: ExceptionCode=0xc0000006, ExceptionInformation=0x0000000000000001 0x00000000e71b9000 0x00000000c000003f 

Registers:
RAX=0xfd031520fd017778, RBX=0x0000000011d0f358, RCX=0x00000000e71b9000, RDX=0x0000000015e78518
RSP=0x0000000011d0f2a8, RBP=0x0000000003a10000, RSI=0x0000000003a062a3, RDI=0x0000000000000006
R8 =0x0000000000000010, R9 =0x0000000000000001, R10=0x000002c70000085d, R11=0x00000000e71b8fd8
R12=0x00000000612a9f30, R13=0x00000000000003a0, R14=0x00000000fd080000, R15=0x0000000011d0f358
RIP=0x000000006062bfc3, EFLAGS=0x0000000000010202

Top of Stack: (sp=0x0000000011d0f2a8)
0x0000000011d0f2a8:   0000000060eacee8 0000000011d0f358
0x0000000011d0f2b8:   0000000003a10000 0000000003a0628f
0x0000000011d0f2c8:   0000000060eab65b 0000000003a10000
0x0000000011d0f2d8:   0000000060ea27bd 0000000003a0629e
0x0000000011d0f2e8:   0000000060eadf3e 0000000000000002
0x0000000011d0f2f8:   0000000060eacee8 00000000fdd1d4e0
0x0000000011d0f308:   00000000fd080000 00000000000003a0
0x0000000011d0f318:   0000000000000002 00000000e0000000
0x0000000011d0f328:   0000000060eae204 0000000000000000
0x0000000011d0f338:   0000000011d0f398 0000000003a00000
0x0000000011d0f348:   0000000011d0f398 0000000002100000
0x0000000011d0f358:   00000000610f8db8 00000000612a9f30
0x0000000011d0f368:   000000000237b2a0 0000000000008e05
0x0000000011d0f378:   00000000fd0314f0 000000000229e1c0
0x0000000011d0f388:   00000000e71b8fd8 0000000000000000
0x0000000011d0f398:   00000000022ac430 00000000022ac420 

Instructions: (pc=0x000000006062bfc3)
0x000000006062bfa3:   49 83 e8 04 89 01 48 83 c1 04 4d 8b c8 49 c1 e9
0x000000006062bfb3:   05 75 51 4d 8b c8 49 c1 e9 03 74 14 48 8b 04 0a
0x000000006062bfc3:   48 89 01 48 83 c1 08 49 ff c9 75 f0 49 83 e0 07
0x000000006062bfd3:   4d 85 c0 75 08 49 8b c3 c3 0f 1f 40 00 8a 04 0a 


Register to memory mapping:

RAX=0xfd031520fd017778 is an unknown value
RBX=0x0000000011d0f358 is an unknown value
RCX=0x00000000e71b9000 is pointing into object: 0x00000000e71b8fd8
com.sun.tools.javac.file.ZipFileIndex$Entry 
 - klass: 'com/sun/tools/javac/file/ZipFileIndex$Entry'
RDX=0x0000000015e78518 is an unknown value
RSP=0x0000000011d0f2a8 is an unknown value
RBP=0x0000000003a10000 is at entry_point+2048 in (nmethod*)0x0000000003a0f4d0
RSI=0x0000000003a062a3 is at entry_point+227 in (nmethod*)0x0000000003a05f50
RDI=0x0000000000000006 is an unknown value
R8 =0x0000000000000010 is an unknown value
R9 =0x0000000000000001 is an unknown value
R10=0x000002c70000085d is an unknown value
R11=0x00000000e71b8fd8 is an oop
com.sun.tools.javac.file.ZipFileIndex$Entry 
 - klass: 'com/sun/tools/javac/file/ZipFileIndex$Entry'
R12=0x00000000612a9f30 is an unknown value
R13=0x00000000000003a0 is an unknown value
R14=0x00000000fd080000 is an oop

[error occurred during error reporting (printing register info), id 0xc0000005]

Stack: [0x0000000011c10000,0x0000000011d10000],  sp=0x0000000011d0f2a8,  free space=1020k
Native frames: (J=compiled Java code, j=interpreted, Vv=VM code, C=native code)
C  [msvcr100.dll+0x3bfc3]
V  [jvm.dll+0x3ccee8]
V  [jvm.dll+0x3c27bd]
V  [jvm.dll+0x3ce204]
V  [jvm.dll+0x3c5d1a]
V  [jvm.dll+0x3c3786]
V  [jvm.dll+0x3c0d9e]
V  [jvm.dll+0x26f5ba]
C  [msvcr100.dll+0x21d9f]
C  [msvcr100.dll+0x21e3b]
C  [KERNEL32.DLL+0x13d2]
C  [ntdll.dll+0x703c4]


---------------  P R O C E S S  ---------------

Java Threads: ( => current thread )
  0x0000000019974800 
[error occurred during error reporting (printing all threads), id 0xc0000005]

VM state:at safepoint (normal execution)

VM Mutex/Monitor currently owned by a thread:  ([mutex/lock_event])
[0x000000000228cf50] Threads_lock - owner thread: 0x0000000013776000
[0x000000000228c6d0] Heap_lock - owner thread: 0x000000001996d000

heap address: 0x00000000e0000000, size: 512 MB, Compressed Oops mode: 32-bit
Narrow klass base: 0x0000000000000000, Narrow klass shift: 3
Compressed class space size: 1073741824 Address: 0x0000000100000000

Heap:
 PSYoungGen      total 146944K, used 18037K [0x00000000f5580000, 0x0000000100000000, 0x0000000100000000)
  eden space 120832K, 0% used [0x00000000f5580000,0x00000000f5580000,0x00000000fcb80000)
  from space 26112K, 69% used [0x00000000fcb80000,0x00000000fdd1d4e0,0x00000000fe500000)
  to   space 27648K, 0% used [0x00000000fe500000,0x00000000fe500000,0x0000000100000000)
 ParOldGen       total 349696K, used 328839K [0x00000000e0000000, 0x00000000f5580000, 0x00000000f5580000)
  object space 349696K, 94% used [0x00000000e0000000,0x00000000f4121f08,0x00000000f5580000)
 Metaspace       used 126145K, capacity 134004K, committed 156760K, reserved 1183744K
  class space    used 15852K, capacity 17135K, committed 21632K, reserved 1048576K

Card table byte_map: [0x0000000011750000,0x0000000011860000] byte_map_base: 0x0000000011050000

Marking Bits: (ParMarkBitMap*) 0x00000000612a9f30
 Begin Bits: [0x0000000011d10000, 0x0000000012510000)
 End Bits:   [0x0000000012510000, 0x0000000012d10000)

Polling page: 0x0000000000b30000

CodeCache: size=245760Kb used=101903Kb max_used=102401Kb free=143856Kb
 bounds [0x0000000002390000, 0x0000000008860000, 0x0000000011390000]
 total_blobs=27786 nmethods=26924 adapters=774
 compilation: enabled

Compilation events (10 events):
Event: 19402.335 Thread 0x000000001380e000 40188       3       com.sun.tools.javac.parser.JavacParser::annotationFieldValue (100 bytes)
Event: 19402.336 Thread 0x000000001380e000 nmethod 40188 0x0000000003aeda10 code [0x0000000003aedc40, 0x0000000003aee7c8]
Event: 19402.336 Thread 0x000000001380e000 40189       3       com.sun.tools.javac.parser.JavacParser::annotationValue (215 bytes)
Event: 19402.337 Thread 0x000000001380e000 nmethod 40189 0x0000000007e80710 code [0x0000000007e80a60, 0x0000000007e81e38]
Event: 19402.338 Thread 0x000000001380e000 40190       3       com.sun.tools.javac.tree.TreeInfo::getEndPos (662 bytes)
Event: 19402.348 Thread 0x000000001380e000 nmethod 40190 0x0000000003863bd0 code [0x00000000038640c0, 0x0000000003866ec8]
Event: 19402.348 Thread 0x000000001380e000 40191       3       com.sun.tools.javac.tree.TreeMaker::Continue (20 bytes)
Event: 19402.348 Thread 0x000000001380e000 nmethod 40191 0x0000000003177110 code [0x0000000003177280, 0x00000000031775d0]
Event: 19402.348 Thread 0x000000001380e000 40192       3       com.sun.tools.javac.tree.JCTree$JCContinue::<init> (15 bytes)
Event: 19402.349 Thread 0x000000001380e000 nmethod 40192 0x00000000062b0010 code [0x00000000062b0180, 0x00000000062b0410]

GC Heap History (10 events):
Event: 19260.516 GC heap after
Heap after GC invocations=151 (full 6):
 PSYoungGen      total 145920K, used 13952K [0x00000000f5580000, 0x00000000fff00000, 0x0000000100000000)
  eden space 117760K, 0% used [0x00000000f5580000,0x00000000f5580000,0x00000000fc880000)
  from space 28160K, 49% used [0x00000000fc880000,0x00000000fd6200f0,0x00000000fe400000)
  to   space 27648K, 0% used [0x00000000fe400000,0x00000000fe400000,0x00000000fff00000)
 ParOldGen       total 349696K, used 309069K [0x00000000e0000000, 0x00000000f5580000, 0x00000000f5580000)
  object space 349696K, 88% used [0x00000000e0000000,0x00000000f2dd37a8,0x00000000f5580000)
 Metaspace       used 125726K, capacity 133230K, committed 156760K, reserved 1183744K
  class space    used 15781K, capacity 17006K, committed 21632K, reserved 1048576K
}
Event: 19261.306 GC heap before
{Heap before GC invocations=152 (full 6):
 PSYoungGen      total 145920K, used 131712K [0x00000000f5580000, 0x00000000fff00000, 0x0000000100000000)
  eden space 117760K, 100% used [0x00000000f5580000,0x00000000fc880000,0x00000000fc880000)
  from space 28160K, 49% used [0x00000000fc880000,0x00000000fd6200f0,0x00000000fe400000)
  to   space 27648K, 0% used [0x00000000fe400000,0x00000000fe400000,0x00000000fff00000)
 ParOldGen       total 349696K, used 309069K [0x00000000e0000000, 0x00000000f5580000, 0x00000000f5580000)
  object space 349696K, 88% used [0x00000000e0000000,0x00000000f2dd37a8,0x00000000f5580000)
 Metaspace       used 125742K, capacity 133230K, committed 156760K, reserved 1183744K
  class space    used 15781K, capacity 17006K, committed 21632K, reserved 1048576K
Event: 19261.448 GC heap after
Heap after GC invocations=152 (full 6):
 PSYoungGen      total 145920K, used 5488K [0x00000000f5580000, 0x00000000ffe80000, 0x0000000100000000)
  eden space 118784K, 0% used [0x00000000f5580000,0x00000000f5580000,0x00000000fc980000)
  from space 27136K, 20% used [0x00000000fe400000,0x00000000fe95c388,0x00000000ffe80000)
  to   space 27136K, 0% used [0x00000000fc980000,0x00000000fc980000,0x00000000fe400000)
 ParOldGen       total 349696K, used 322712K [0x00000000e0000000, 0x00000000f5580000, 0x00000000f5580000)
  object space 349696K, 92% used [0x00000000e0000000,0x00000000f3b26030,0x00000000f5580000)
 Metaspace       used 125742K, capacity 133230K, committed 156760K, reserved 1183744K
  class space    used 15781K, capacity 17006K, committed 21632K, reserved 1048576K
}
Event: 19276.786 GC heap before
{Heap before GC invocations=153 (full 6):
 PSYoungGen      total 145920K, used 124272K [0x00000000f5580000, 0x00000000ffe80000, 0x0000000100000000)
  eden space 118784K, 100% used [0x00000000f5580000,0x00000000fc980000,0x00000000fc980000)
  from space 27136K, 20% used [0x00000000fe400000,0x00000000fe95c388,0x00000000ffe80000)
  to   space 27136K, 0% used [0x00000000fc980000,0x00000000fc980000,0x00000000fe400000)
 ParOldGen       total 349696K, used 322712K [0x00000000e0000000, 0x00000000f5580000, 0x00000000f5580000)
  object space 349696K, 92% used [0x00000000e0000000,0x00000000f3b26030,0x00000000f5580000)
 Metaspace       used 125754K, capacity 133242K, committed 156760K, reserved 1183744K
  class space    used 15783K, capacity 17008K, committed 21632K, reserved 1048576K
Event: 19276.824 GC heap after
Heap after GC invocations=153 (full 6):
 PSYoungGen      total 145920K, used 4256K [0x00000000f5580000, 0x00000000fff00000, 0x0000000100000000)
  eden space 118784K, 0% used [0x00000000f5580000,0x00000000f5580000,0x00000000fc980000)
  from space 27136K, 15% used [0x00000000fc980000,0x00000000fcda8020,0x00000000fe400000)
  to   space 26624K, 0% used [0x00000000fe500000,0x00000000fe500000,0x00000000fff00000)
 ParOldGen       total 349696K, used 325288K [0x00000000e0000000, 0x00000000f5580000, 0x00000000f5580000)
  object space 349696K, 93% used [0x00000000e0000000,0x00000000f3daa000,0x00000000f5580000)
 Metaspace       used 125754K, capacity 133242K, committed 156760K, reserved 1183744K
  class space    used 15783K, capacity 17008K, committed 21632K, reserved 1048576K
}
Event: 19401.182 GC heap before
{Heap before GC invocations=154 (full 6):
 PSYoungGen      total 145920K, used 123040K [0x00000000f5580000, 0x00000000fff00000, 0x0000000100000000)
  eden space 118784K, 100% used [0x00000000f5580000,0x00000000fc980000,0x00000000fc980000)
  from space 27136K, 15% used [0x00000000fc980000,0x00000000fcda8020,0x00000000fe400000)
  to   space 26624K, 0% used [0x00000000fe500000,0x00000000fe500000,0x00000000fff00000)
 ParOldGen       total 349696K, used 325288K [0x00000000e0000000, 0x00000000f5580000, 0x00000000f5580000)
  object space 349696K, 93% used [0x00000000e0000000,0x00000000f3daa000,0x00000000f5580000)
 Metaspace       used 126025K, capacity 133716K, committed 156760K, reserved 1183744K
  class space    used 15826K, capacity 17087K, committed 21632K, reserved 1048576K
Event: 19401.215 GC heap after
Heap after GC invocations=154 (full 6):
 PSYoungGen      total 146944K, used 3616K [0x00000000f5580000, 0x00000000ffe80000, 0x0000000100000000)
  eden space 120832K, 0% used [0x00000000f5580000,0x00000000f5580000,0x00000000fcb80000)
  from space 26112K, 13% used [0x00000000fe500000,0x00000000fe888010,0x00000000ffe80000)
  to   space 26112K, 0% used [0x00000000fcb80000,0x00000000fcb80000,0x00000000fe500000)
 ParOldGen       total 349696K, used 325975K [0x00000000e0000000, 0x00000000f5580000, 0x00000000f5580000)
  object space 349696K, 93% used [0x00000000e0000000,0x00000000f3e55d58,0x00000000f5580000)
 Metaspace       used 126025K, capacity 133716K, committed 156760K, reserved 1183744K
  class space    used 15826K, capacity 17087K, committed 21632K, reserved 1048576K
}
Event: 19402.575 GC heap before
{Heap before GC invocations=155 (full 6):
 PSYoungGen      total 146944K, used 124448K [0x00000000f5580000, 0x00000000ffe80000, 0x0000000100000000)
  eden space 120832K, 100% used [0x00000000f5580000,0x00000000fcb80000,0x00000000fcb80000)
  from space 26112K, 13% used [0x00000000fe500000,0x00000000fe888010,0x00000000ffe80000)
  to   space 26112K, 0% used [0x00000000fcb80000,0x00000000fcb80000,0x00000000fe500000)
 ParOldGen       total 349696K, used 325975K [0x00000000e0000000, 0x00000000f5580000, 0x00000000f5580000)
  object space 349696K, 93% used [0x00000000e0000000,0x00000000f3e55d58,0x00000000f5580000)
 Metaspace       used 126145K, capacity 134004K, committed 156760K, reserved 1183744K
  class space    used 15852K, capacity 17135K, committed 21632K, reserved 1048576K
Event: 19402.636 GC heap after
Heap after GC invocations=155 (full 6):
 PSYoungGen      total 146944K, used 18037K [0x00000000f5580000, 0x0000000100000000, 0x0000000100000000)
  eden space 120832K, 0% used [0x00000000f5580000,0x00000000f5580000,0x00000000fcb80000)
  from space 26112K, 69% used [0x00000000fcb80000,0x00000000fdd1d4e0,0x00000000fe500000)
  to   space 27648K, 0% used [0x00000000fe500000,0x00000000fe500000,0x0000000100000000)
 ParOldGen       total 349696K, used 328839K [0x00000000e0000000, 0x00000000f5580000, 0x00000000f5580000)
  object space 349696K, 94% used [0x00000000e0000000,0x00000000f4121f08,0x00000000f5580000)
 Metaspace       used 126145K, capacity 134004K, committed 156760K, reserved 1183744K
  class space    used 15852K, capacity 17135K, committed 21632K, reserved 1048576K
}
Event: 19402.640 GC heap before
{Heap before GC invocations=156 (full 7):
 PSYoungGen      total 146944K, used 18037K [0x00000000f5580000, 0x0000000100000000, 0x0000000100000000)
  eden space 120832K, 0% used [0x00000000f5580000,0x00000000f5580000,0x00000000fcb80000)
  from space 26112K, 69% used [0x00000000fcb80000,0x00000000fdd1d4e0,0x00000000fe500000)
  to   space 27648K, 0% used [0x00000000fe500000,0x00000000fe500000,0x0000000100000000)
 ParOldGen       total 349696K, used 328839K [0x00000000e0000000, 0x00000000f5580000, 0x00000000f5580000)
  object space 349696K, 94% used [0x00000000e0000000,0x00000000f4121f08,0x00000000f5580000)
 Metaspace       used 126145K, capacity 134004K, committed 156760K, reserved 1183744K
  class space    used 15852K, capacity 17135K, committed 21632K, reserved 1048576K

Deoptimization events (10 events):
Event: 19260.735 Thread 0x00000000199f3000 Uncommon trap: reason=bimorphic action=maybe_recompile pc=0x00000000074a7ad0 method=com.sun.tools.javac.tree.TreeTranslator.visitSelect(Lcom/sun/tools/javac/tree/JCTree$JCFieldAccess;)V @ 6
Event: 19260.735 Thread 0x00000000199f3000 Uncommon trap: reason=bimorphic action=maybe_recompile pc=0x00000000074a7ad0 method=com.sun.tools.javac.tree.TreeTranslator.visitSelect(Lcom/sun/tools/javac/tree/JCTree$JCFieldAccess;)V @ 6
Event: 19260.735 Thread 0x00000000199f3000 Uncommon trap: reason=bimorphic action=maybe_recompile pc=0x00000000074a7ad0 method=com.sun.tools.javac.tree.TreeTranslator.visitSelect(Lcom/sun/tools/javac/tree/JCTree$JCFieldAccess;)V @ 6
Event: 19277.814 Thread 0x000000001996a000 Uncommon trap: reason=unstable_if action=reinterpret pc=0x0000000005409604 method=org.gradle.internal.remote.internal.inet.SocketConnection$SocketOutputStream.writeWithNonBlockingRetry()I @ 41
Event: 19277.816 Thread 0x000000001996a000 Uncommon trap: reason=unstable_if action=reinterpret pc=0x00000000053ffe44 method=org.gradle.internal.remote.internal.inet.SocketConnection$SocketOutputStream.writeWithNonBlockingRetry()I @ 41
Event: 19400.134 Thread 0x00000000199ee800 Uncommon trap: reason=class_check action=maybe_recompile pc=0x0000000002b2def0 method=java.util.Collections$UnmodifiableMap$UnmodifiableEntrySet$UnmodifiableEntry.<init>(Ljava/util/Map$Entry;)V @ 9
Event: 19400.134 Thread 0x00000000199ee800 Uncommon trap: reason=class_check action=maybe_recompile pc=0x0000000002b2def0 method=java.util.Collections$UnmodifiableMap$UnmodifiableEntrySet$UnmodifiableEntry.<init>(Ljava/util/Map$Entry;)V @ 9
Event: 19400.134 Thread 0x00000000199ee800 Uncommon trap: reason=class_check action=maybe_recompile pc=0x0000000002b2def0 method=java.util.Collections$UnmodifiableMap$UnmodifiableEntrySet$UnmodifiableEntry.<init>(Ljava/util/Map$Entry;)V @ 9
Event: 19400.134 Thread 0x00000000199ee800 Uncommon trap: reason=class_check action=maybe_recompile pc=0x0000000002b2def0 method=java.util.Collections$UnmodifiableMap$UnmodifiableEntrySet$UnmodifiableEntry.<init>(Ljava/util/Map$Entry;)V @ 9
Event: 19402.286 Thread 0x000000001996d000 Uncommon trap: reason=array_check action=maybe_recompile pc=0x0000000004a11f34 method=java.util.ComparableTimSort.reverseRange([Ljava/lang/Object;II)V @ 20

Classes redefined (0 events):
No events

Internal exceptions (10 events):
Event: 19261.562 Thread 0x00000000199f3000 Exception <a 'java/io/FileNotFoundException'> (0x00000000f6290700) thrown at [D:\src\AOSP-openjdk-cygwin\jdk8u\hotspot\src\share\vm\prims\jni.cpp, line 710]
Event: 19261.562 Thread 0x00000000199f3000 Exception <a 'java/io/FileNotFoundException'> (0x00000000f6291a40) thrown at [D:\src\AOSP-openjdk-cygwin\jdk8u\hotspot\src\share\vm\prims\jni.cpp, line 710]
Event: 19261.578 Thread 0x0000000019969800 Exception <a 'sun/nio/fs/WindowsException'> (0x00000000f65a63b8) thrown at [D:\src\AOSP-openjdk-cygwin\jdk8u\hotspot\src\share\vm\prims\jni.cpp, line 710]
Event: 19261.808 Thread 0x000000001996d000 Exception <a 'sun/nio/fs/WindowsException'> (0x00000000f9982258) thrown at [D:\src\AOSP-openjdk-cygwin\jdk8u\hotspot\src\share\vm\prims\jni.cpp, line 710]
Event: 19262.464 Thread 0x000000001ab8f000 Exception <a 'sun/nio/fs/WindowsException'> (0x00000000fa77d6e8) thrown at [D:\src\AOSP-openjdk-cygwin\jdk8u\hotspot\src\share\vm\prims\jni.cpp, line 710]
Event: 19276.487 Thread 0x000000001ab8f000 Exception <a 'sun/nio/fs/WindowsException'> (0x00000000fb5f7558) thrown at [D:\src\AOSP-openjdk-cygwin\jdk8u\hotspot\src\share\vm\prims\jni.cpp, line 710]
Event: 19277.766 Thread 0x00000000199f0000 Exception <a 'java/io/FileNotFoundException'> (0x00000000fab7cb78) thrown at [D:\src\AOSP-openjdk-cygwin\jdk8u\hotspot\src\share\vm\prims\jni.cpp, line 710]
Event: 19277.766 Thread 0x00000000199f0000 Exception <a 'java/io/FileNotFoundException'> (0x00000000fab7dec8) thrown at [D:\src\AOSP-openjdk-cygwin\jdk8u\hotspot\src\share\vm\prims\jni.cpp, line 710]
Event: 19277.820 Thread 0x000000001ab8f000 Exception <a 'sun/nio/fs/WindowsException'> (0x00000000faf571a0) thrown at [D:\src\AOSP-openjdk-cygwin\jdk8u\hotspot\src\share\vm\prims\jni.cpp, line 710]
Event: 19400.292 Thread 0x00000000199ee800 Exception <a 'sun/nio/fs/WindowsException'> (0x00000000fbd587b8) thrown at [D:\src\AOSP-openjdk-cygwin\jdk8u\hotspot\src\share\vm\prims\jni.cpp, line 710]

Events (10 events):
Event: 19402.113 Thread 0x000000001380e000 flushing nmethod 0x000000000490dc10
Event: 19402.234 Thread 0x0000000013807800 flushing nmethod 0x00000000057e2c10
Event: 19402.261 Thread 0x0000000013807800 flushing nmethod 0x0000000005cf8610
Event: 19402.269 Thread 0x0000000013807800 flushing nmethod 0x00000000062b0010
Event: 19402.286 Thread 0x000000001996d000 Uncommon trap: trap_request=0xffffffd6 fr.pc=0x0000000004a11f34
Event: 19402.286 Thread 0x000000001996d000 DEOPT PACKING pc=0x0000000004a11f34 sp=0x000000002372ae70
Event: 19402.286 Thread 0x000000001996d000 DEOPT UNPACKING pc=0x00000000023d557b sp=0x000000002372ad60 mode 2
Event: 19402.289 Thread 0x000000001380e000 flushing nmethod 0x0000000006e12450
Event: 19402.293 Thread 0x000000001380e000 flushing nmethod 0x0000000007303950
Event: 19402.551 Executing VM operation: ParallelGCFailedAllocation


Dynamic libraries:
0x00007ff6a52a0000 - 0x00007ff6a52d1000 	C:\Program Files\Android\Android Studio\jre\bin\java.exe
0x00007ffada150000 - 0x00007ffada2fc000 	C:\Windows\SYSTEM32\ntdll.dll
0x00007ffad9a60000 - 0x00007ffad9b9e000 	C:\Windows\system32\KERNEL32.DLL
0x00007ffad75a0000 - 0x00007ffad76b5000 	C:\Windows\system32\KERNELBASE.dll
0x0000000061350000 - 0x00000000613e5000 	C:\Windows\System32\SYSFER.DLL
0x00007ffad7a50000 - 0x00007ffad7afa000 	C:\Windows\system32\ADVAPI32.dll
0x00007ffad9cc0000 - 0x00007ffad9e37000 	C:\Windows\system32\USER32.dll
0x00007ffad4f80000 - 0x00007ffad51fb000 	C:\Windows\WinSxS\amd64_microsoft.windows.common-controls_6595b64144ccf1df_6.0.9600.17415_none_6240486fecbd8abb\COMCTL32.dll
0x00007ffad7b10000 - 0x00007ffad7bba000 	C:\Windows\system32\msvcrt.dll
0x00007ffad9a00000 - 0x00007ffad9a59000 	C:\Windows\SYSTEM32\sechost.dll
0x00007ffad98b0000 - 0x00007ffad99f1000 	C:\Windows\system32\RPCRT4.dll
0x00007ffad9750000 - 0x00007ffad98a1000 	C:\Windows\system32\GDI32.dll
0x00007ffad7de0000 - 0x00007ffad7e16000 	C:\Windows\system32\IMM32.DLL
0x00007ffad7890000 - 0x00007ffad79e3000 	C:\Windows\system32\MSCTF.dll
0x00000000605f0000 - 0x00000000606c2000 	C:\Program Files\Android\Android Studio\jre\jre\bin\msvcr100.dll
0x0000000060ae0000 - 0x0000000061326000 	C:\Program Files\Android\Android Studio\jre\jre\bin\server\jvm.dll
0x00007ffad49b0000 - 0x00007ffad49b9000 	C:\Windows\SYSTEM32\WSOCK32.dll
0x00007ffacc030000 - 0x00007ffacc052000 	C:\Windows\SYSTEM32\WINMM.dll
0x00007ffad0920000 - 0x00007ffad092a000 	C:\Windows\SYSTEM32\VERSION.dll
0x00007ffad7b00000 - 0x00007ffad7b07000 	C:\Windows\system32\PSAPI.DLL
0x00007ffad9ba0000 - 0x00007ffad9bfa000 	C:\Windows\system32\WS2_32.dll
0x00007ffacbf10000 - 0x00007ffacbf3a000 	C:\Windows\SYSTEM32\WINMMBASE.dll
0x00007ffad9f90000 - 0x00007ffad9f99000 	C:\Windows\system32\NSI.dll
0x00007ffad7550000 - 0x00007ffad759f000 	C:\Windows\SYSTEM32\cfgmgr32.dll
0x00007ffad60a0000 - 0x00007ffad60c8000 	C:\Windows\SYSTEM32\DEVOBJ.dll
0x00007ffad49a0000 - 0x00007ffad49af000 	C:\Program Files\Android\Android Studio\jre\jre\bin\verify.dll
0x00007ffacf4d0000 - 0x00007ffacf4f9000 	C:\Program Files\Android\Android Studio\jre\jre\bin\java.dll
0x00007ffacf8f0000 - 0x00007ffacf906000 	C:\Program Files\Android\Android Studio\jre\jre\bin\zip.dll
0x00007ffad8000000 - 0x00007ffad9519000 	C:\Windows\system32\SHELL32.dll
0x00007ffad7bc0000 - 0x00007ffad7dd1000 	C:\Windows\SYSTEM32\combase.dll
0x00007ffad9e40000 - 0x00007ffad9e94000 	C:\Windows\system32\SHLWAPI.dll
0x00007ffad5810000 - 0x00007ffad58c2000 	C:\Windows\SYSTEM32\SHCORE.dll
0x00007ffad72a0000 - 0x00007ffad72b5000 	C:\Windows\SYSTEM32\profapi.dll
0x00007ffacf290000 - 0x00007ffacf2aa000 	C:\Program Files\Android\Android Studio\jre\jre\bin\net.dll
0x00007ffad6ab0000 - 0x00007ffad6b09000 	C:\Windows\system32\mswsock.dll
0x00007ffacf0f0000 - 0x00007ffacf101000 	C:\Program Files\Android\Android Studio\jre\jre\bin\nio.dll
0x00007ffacb490000 - 0x00007ffacb4b6000 	F:\ANUSREE\gradle\native\29\windows-amd64\native-platform.dll
0x00007ffad4990000 - 0x00007ffad499d000 	C:\Program Files\Android\Android Studio\jre\jre\bin\management.dll
0x00007ffad6b10000 - 0x00007ffad6b30000 	C:\Windows\SYSTEM32\CRYPTSP.dll
0x00007ffad6730000 - 0x00007ffad6766000 	C:\Windows\system32\rsaenh.dll
0x00007ffad6dc0000 - 0x00007ffad6de6000 	C:\Windows\SYSTEM32\bcrypt.dll
0x00007ffad6840000 - 0x00007ffad6861000 	C:\Windows\SYSTEM32\USERENV.dll
0x00007ffad7100000 - 0x00007ffad7163000 	C:\Windows\system32\bcryptprimitives.dll
0x00007ffad7170000 - 0x00007ffad717b000 	C:\Windows\SYSTEM32\CRYPTBASE.dll
0x00007ffad3440000 - 0x00007ffad346a000 	C:\Windows\SYSTEM32\IPHLPAPI.DLL
0x00007ffad3420000 - 0x00007ffad342a000 	C:\Windows\SYSTEM32\WINNSI.DLL
0x00007ffad31a0000 - 0x00007ffad31b6000 	C:\Windows\SYSTEM32\dhcpcsvc6.DLL
0x00007ffad3180000 - 0x00007ffad319a000 	C:\Windows\SYSTEM32\dhcpcsvc.DLL
0x00007ffad5e40000 - 0x00007ffad5ece000 	C:\Windows\system32\apphelp.dll
0x00007ffac2f20000 - 0x00007ffac30aa000 	C:\Windows\SYSTEM32\dbghelp.dll

VM Arguments:
jvm_args: -XX:MaxMetaspaceSize=256m -XX:+HeapDumpOnOutOfMemoryError -Xms256m -Xmx512m -Dfile.encoding=windows-1252 -Duser.country=IN -Duser.language=en -Duser.variant 
java_command: org.gradle.launcher.daemon.bootstrap.GradleDaemon 5.4.1
java_class_path (initial): F:\ANUSREE\MSCORE GRADLE\gradle-5.4.1\lib\gradle-launcher-5.4.1.jar
Launcher Type: SUN_STANDARD

Environment Variables:
PATH=C:\Program Files (x86)\Common Files\Oracle\Java\javapath;C:\Program Files (x86)\Intel\iCLS Client\;C:\Program Files\Intel\iCLS Client\;C:\Windows\system32;C:\Windows;C:\Windows\System32\Wbem;C:\Windows\System32\WindowsPowerShell\v1.0\;C:\Program Files\Intel\Intel(R) Management Engine Components\DAL;C:\Program Files (x86)\Intel\Intel(R) Management Engine Components\DAL;C:\Program Files\Intel\Intel(R) Management Engine Components\IPT;C:\Program Files (x86)\Intel\Intel(R) Management Engine Components\IPT;C:\Program Files\Git\cmd;F:\Akash\AndroidSdk\sdk\platform-tools\;C:\Program Files\Java\jdk-10.0.2\bin;F:\Akash\AndroidSdk\sdk\platform-tools;C:\Users\Vishnu\AppData\Roaming\Subversion;C:\Program Files\TortoiseSVN\bin
USERNAME=Anusree
OS=Windows_NT
PROCESSOR_IDENTIFIER=Intel64 Family 6 Model 60 Stepping 3, GenuineIntel



---------------  S Y S T E M  ---------------

OS: Windows 8.1 , 64 bit Build 9600 (6.3.9600.17415)

CPU:total 4 (initial active 4) (2 cores per cpu, 2 threads per core) family 6 model 60 stepping 3, cmov, cx8, fxsr, mmx, sse, sse2, sse3, ssse3, sse4.1, sse4.2, popcnt, avx, avx2, aes, clmul, erms, lzcnt, ht, tsc, tscinvbit, bmi1, bmi2

Memory: 4k page, physical 8256528k(3035704k free), swap 16645140k(9910928k free)

vm_info: OpenJDK 64-Bit Server VM (25.202-b03) for windows-amd64 JRE (1.8.0_202-release-1483-b03), built by "builder" with MS VC++ 10.0 (VS2010)

time: Thu Nov 28 15:12:34 2019
timezone: India Standard Time
elapsed time: 19435 seconds (0d 5h 23m 55s)

